<?xml version="1.0" encoding="UTF-8"?>
<testsuite name="com.sparta.week03.Week03ApplicationTests" tests="1" skipped="0" failures="0" errors="0" timestamp="2022-03-23T02:08:29" hostname="mskimui-MacBookPro.local" time="0.077">
  <properties/>
  <testcase name="contextLoads()" classname="com.sparta.week03.Week03ApplicationTests" time="0.077"/>
  <system-out><![CDATA[11:08:24.945 [Test worker] DEBUG org.springframework.test.context.BootstrapUtils - Instantiating CacheAwareContextLoaderDelegate from class [org.springframework.test.context.cache.DefaultCacheAwareContextLoaderDelegate]
11:08:24.956 [Test worker] DEBUG org.springframework.test.context.BootstrapUtils - Instantiating BootstrapContext using constructor [public org.springframework.test.context.support.DefaultBootstrapContext(java.lang.Class,org.springframework.test.context.CacheAwareContextLoaderDelegate)]
11:08:24.992 [Test worker] DEBUG org.springframework.test.context.BootstrapUtils - Instantiating TestContextBootstrapper for test class [com.sparta.week03.Week03ApplicationTests] from class [org.springframework.boot.test.context.SpringBootTestContextBootstrapper]
11:08:25.005 [Test worker] INFO org.springframework.boot.test.context.SpringBootTestContextBootstrapper - Neither @ContextConfiguration nor @ContextHierarchy found for test class [com.sparta.week03.Week03ApplicationTests], using SpringBootContextLoader
11:08:25.008 [Test worker] DEBUG org.springframework.test.context.support.AbstractContextLoader - Did not detect default resource location for test class [com.sparta.week03.Week03ApplicationTests]: class path resource [com/sparta/week03/Week03ApplicationTests-context.xml] does not exist
11:08:25.009 [Test worker] DEBUG org.springframework.test.context.support.AbstractContextLoader - Did not detect default resource location for test class [com.sparta.week03.Week03ApplicationTests]: class path resource [com/sparta/week03/Week03ApplicationTestsContext.groovy] does not exist
11:08:25.009 [Test worker] INFO org.springframework.test.context.support.AbstractContextLoader - Could not detect default resource locations for test class [com.sparta.week03.Week03ApplicationTests]: no resource found for suffixes {-context.xml, Context.groovy}.
11:08:25.010 [Test worker] INFO org.springframework.test.context.support.AnnotationConfigContextLoaderUtils - Could not detect default configuration classes for test class [com.sparta.week03.Week03ApplicationTests]: Week03ApplicationTests does not declare any static, non-private, non-final, nested classes annotated with @Configuration.
11:08:25.053 [Test worker] DEBUG org.springframework.test.context.support.ActiveProfilesUtils - Could not find an 'annotation declaring class' for annotation type [org.springframework.test.context.ActiveProfiles] and class [com.sparta.week03.Week03ApplicationTests]
11:08:25.117 [Test worker] DEBUG org.springframework.context.annotation.ClassPathScanningCandidateComponentProvider - Identified candidate component class: file [/Users/mskim/IdeaProjects/항해99나만의블로그/build/classes/java/main/com/sparta/week03/Week03Application.class]
11:08:25.118 [Test worker] INFO org.springframework.boot.test.context.SpringBootTestContextBootstrapper - Found @SpringBootConfiguration com.sparta.week03.Week03Application for test class com.sparta.week03.Week03ApplicationTests
11:08:25.213 [Test worker] DEBUG org.springframework.boot.test.context.SpringBootTestContextBootstrapper - @TestExecutionListeners is not present for class [com.sparta.week03.Week03ApplicationTests]: using defaults.
11:08:25.213 [Test worker] INFO org.springframework.boot.test.context.SpringBootTestContextBootstrapper - Loaded default TestExecutionListener class names from location [META-INF/spring.factories]: [org.springframework.boot.test.autoconfigure.restdocs.RestDocsTestExecutionListener, org.springframework.boot.test.autoconfigure.web.client.MockRestServiceServerResetTestExecutionListener, org.springframework.boot.test.autoconfigure.web.servlet.MockMvcPrintOnlyOnFailureTestExecutionListener, org.springframework.boot.test.autoconfigure.web.servlet.WebDriverTestExecutionListener, org.springframework.boot.test.autoconfigure.webservices.client.MockWebServiceServerTestExecutionListener, org.springframework.boot.test.mock.mockito.MockitoTestExecutionListener, org.springframework.boot.test.mock.mockito.ResetMocksTestExecutionListener, org.springframework.test.context.web.ServletTestExecutionListener, org.springframework.test.context.support.DirtiesContextBeforeModesTestExecutionListener, org.springframework.test.context.event.ApplicationEventsTestExecutionListener, org.springframework.test.context.support.DependencyInjectionTestExecutionListener, org.springframework.test.context.support.DirtiesContextTestExecutionListener, org.springframework.test.context.transaction.TransactionalTestExecutionListener, org.springframework.test.context.jdbc.SqlScriptsTestExecutionListener, org.springframework.test.context.event.EventPublishingTestExecutionListener]
11:08:25.231 [Test worker] INFO org.springframework.boot.test.context.SpringBootTestContextBootstrapper - Using TestExecutionListeners: [org.springframework.test.context.web.ServletTestExecutionListener@1e097d59, org.springframework.test.context.support.DirtiesContextBeforeModesTestExecutionListener@673be18f, org.springframework.test.context.event.ApplicationEventsTestExecutionListener@6581dc0a, org.springframework.boot.test.mock.mockito.MockitoTestExecutionListener@39de3d36, org.springframework.boot.test.autoconfigure.SpringBootDependencyInjectionTestExecutionListener@6ce86ce1, org.springframework.test.context.support.DirtiesContextTestExecutionListener@54e7df6a, org.springframework.test.context.transaction.TransactionalTestExecutionListener@3fed2870, org.springframework.test.context.jdbc.SqlScriptsTestExecutionListener@77128536, org.springframework.test.context.event.EventPublishingTestExecutionListener@58326051, org.springframework.boot.test.autoconfigure.restdocs.RestDocsTestExecutionListener@32c4e8b2, org.springframework.boot.test.autoconfigure.web.client.MockRestServiceServerResetTestExecutionListener@64bce832, org.springframework.boot.test.autoconfigure.web.servlet.MockMvcPrintOnlyOnFailureTestExecutionListener@764faa6, org.springframework.boot.test.autoconfigure.web.servlet.WebDriverTestExecutionListener@4c1f22f3, org.springframework.boot.test.autoconfigure.webservices.client.MockWebServiceServerTestExecutionListener@598bd2ba, org.springframework.boot.test.mock.mockito.ResetMocksTestExecutionListener@5a755cc1]
11:08:25.235 [Test worker] DEBUG org.springframework.test.context.support.AbstractDirtiesContextTestExecutionListener - Before test class: context [DefaultTestContext@524f3b3a testClass = Week03ApplicationTests, testInstance = [null], testMethod = [null], testException = [null], mergedContextConfiguration = [WebMergedContextConfiguration@41e68d87 testClass = Week03ApplicationTests, locations = '{}', classes = '{class com.sparta.week03.Week03Application}', contextInitializerClasses = '[]', activeProfiles = '{}', propertySourceLocations = '{}', propertySourceProperties = '{org.springframework.boot.test.context.SpringBootTestContextBootstrapper=true}', contextCustomizers = set[org.springframework.boot.test.autoconfigure.actuate.metrics.MetricsExportContextCustomizerFactory$DisableMetricExportContextCustomizer@75437611, org.springframework.boot.test.autoconfigure.properties.PropertyMappingContextCustomizer@0, org.springframework.boot.test.autoconfigure.web.servlet.WebDriverContextCustomizerFactory$Customizer@2cb4893b, org.springframework.boot.test.context.filter.ExcludeFilterContextCustomizer@413d1baf, org.springframework.boot.test.json.DuplicateJsonObjectContextCustomizerFactory$DuplicateJsonObjectContextCustomizer@33bc72d1, org.springframework.boot.test.mock.mockito.MockitoContextCustomizer@0, org.springframework.boot.test.web.client.TestRestTemplateContextCustomizer@451001e5, org.springframework.boot.test.context.SpringBootTestArgs@1, org.springframework.boot.test.context.SpringBootTestWebEnvironment@77167fb7], resourceBasePath = 'src/main/webapp', contextLoader = 'org.springframework.boot.test.context.SpringBootContextLoader', parent = [null]], attributes = map['org.springframework.test.context.web.ServletTestExecutionListener.activateListener' -> true]], class annotated with @DirtiesContext [false] with mode [null].

  .   ____          _            __ _ _
 /\\ / ___'_ __ _ _(_)_ __  __ _ \ \ \ \
( ( )\___ | '_ | '_| | '_ \/ _` | \ \ \ \
 \\/  ___)| |_)| | | | | || (_| |  ) ) ) )
  '  |____| .__|_| |_|_| |_\__, | / / / /
 =========|_|==============|___/=/_/_/_/
 :: Spring Boot ::                (v2.6.4)

2022-03-23 11:08:25.528  INFO 1429 --- [    Test worker] c.sparta.week03.Week03ApplicationTests   : Starting Week03ApplicationTests using Java 1.8.0_322 on mskimui-MacBookPro.local with PID 1429 (started by mskim in /Users/mskim/IdeaProjects/항해99나만의블로그)
2022-03-23 11:08:25.529  INFO 1429 --- [    Test worker] c.sparta.week03.Week03ApplicationTests   : No active profile set, falling back to 1 default profile: "default"
2022-03-23 11:08:26.048  INFO 1429 --- [    Test worker] .s.d.r.c.RepositoryConfigurationDelegate : Bootstrapping Spring Data JPA repositories in DEFAULT mode.
2022-03-23 11:08:26.095  INFO 1429 --- [    Test worker] .s.d.r.c.RepositoryConfigurationDelegate : Finished Spring Data repository scanning in 38 ms. Found 1 JPA repository interfaces.
2022-03-23 11:08:26.658  INFO 1429 --- [    Test worker] o.hibernate.jpa.internal.util.LogHelper  : HHH000204: Processing PersistenceUnitInfo [name: default]
2022-03-23 11:08:26.753  INFO 1429 --- [    Test worker] org.hibernate.Version                    : HHH000412: Hibernate ORM core version 5.6.5.Final
2022-03-23 11:08:26.953  INFO 1429 --- [    Test worker] o.hibernate.annotations.common.Version   : HCANN000001: Hibernate Commons Annotations {5.1.2.Final}
2022-03-23 11:08:27.072  INFO 1429 --- [    Test worker] com.zaxxer.hikari.HikariDataSource       : HikariPool-1 - Starting...
2022-03-23 11:08:27.571  INFO 1429 --- [    Test worker] com.zaxxer.hikari.HikariDataSource       : HikariPool-1 - Start completed.
2022-03-23 11:08:27.606  INFO 1429 --- [    Test worker] org.hibernate.dialect.Dialect            : HHH000400: Using dialect: org.hibernate.dialect.MySQL8Dialect
2022-03-23 11:08:28.264  INFO 1429 --- [    Test worker] o.h.e.t.j.p.i.JtaPlatformInitiator       : HHH000490: Using JtaPlatform implementation: [org.hibernate.engine.transaction.jta.platform.internal.NoJtaPlatform]
2022-03-23 11:08:28.272  INFO 1429 --- [    Test worker] j.LocalContainerEntityManagerFactoryBean : Initialized JPA EntityManagerFactory for persistence unit 'default'
2022-03-23 11:08:28.989  WARN 1429 --- [    Test worker] JpaBaseConfiguration$JpaWebConfiguration : spring.jpa.open-in-view is enabled by default. Therefore, database queries may be performed during view rendering. Explicitly configure spring.jpa.open-in-view to disable this warning
2022-03-23 11:08:29.308  INFO 1429 --- [    Test worker] o.s.b.a.w.s.WelcomePageHandlerMapping    : Adding welcome page: class path resource [static/index.html]
2022-03-23 11:08:29.603  INFO 1429 --- [    Test worker] c.sparta.week03.Week03ApplicationTests   : Started Week03ApplicationTests in 4.33 seconds (JVM running for 5.344)
]]></system-out>
  <system-err><![CDATA[]]></system-err>
</testsuite>
